0 verbose cli C:\Program Files\nodejs\node.exe C:\Users\client\AppData\Roaming\npm\node_modules\npm\bin\npm-cli.js
1 info using npm@10.9.1
2 info using node@v20.17.0
3 silly config load:file:C:\Users\client\AppData\Roaming\npm\node_modules\npm\npmrc
4 silly config load:file:C:\Users\client\.npmrc
5 silly config load:file:C:\Users\client\AppData\Roaming\npm\etc\npmrc
6 verbose title npm run build
7 verbose argv "run" "build"
8 verbose logfile logs-max:10 dir:C:\Users\client\Desktop\AWS-Project\UsersclientAppDataRoamingnpm-cache\_logs\2025-09-05T14_01_44_579Z-
9 verbose logfile C:\Users\client\Desktop\AWS-Project\UsersclientAppDataRoamingnpm-cache\_logs\2025-09-05T14_01_44_579Z-debug-0.log
10 silly logfile done cleaning log files
11 verbose stack Error: Could not read package.json: Error: ENOENT: no such file or directory, open 'C:\Users\client\package.json'
11 verbose stack     at async open (node:internal/fs/promises:639:25)
11 verbose stack     at async readFile (node:internal/fs/promises:1242:14)
11 verbose stack     at async read (C:\Users\client\AppData\Roaming\npm\node_modules\npm\node_modules\@npmcli\package-json\lib\read-package.js:9:18)
11 verbose stack     at async PackageJson.load (C:\Users\client\AppData\Roaming\npm\node_modules\npm\node_modules\@npmcli\package-json\lib\index.js:130:31)
11 verbose stack     at async PackageJson.normalize (C:\Users\client\AppData\Roaming\npm\node_modules\npm\node_modules\@npmcli\package-json\lib\index.js:116:5)
11 verbose stack     at async #run (C:\Users\client\AppData\Roaming\npm\node_modules\npm\lib\commands\run-script.js:86:13)
11 verbose stack     at async RunScript.exec (C:\Users\client\AppData\Roaming\npm\node_modules\npm\lib\commands\run-script.js:40:7)
11 verbose stack     at async Npm.exec (C:\Users\client\AppData\Roaming\npm\node_modules\npm\lib\npm.js:207:9)
11 verbose stack     at async module.exports (C:\Users\client\AppData\Roaming\npm\node_modules\npm\lib\cli\entry.js:74:5)
12 error code ENOENT
13 error syscall open
14 error path C:\Users\client\package.json
15 error errno -4058
16 error enoent Could not read package.json: Error: ENOENT: no such file or directory, open 'C:\Users\client\package.json'
17 error enoent This is related to npm not being able to find a file.
17 error enoent
18 verbose cwd C:\Users\client\Desktop\AWS-Project
19 verbose os Windows_NT 10.0.26100
20 verbose node v20.17.0
21 verbose npm  v10.9.1
22 verbose exit -4058
23 verbose code -4058
24 error A complete log of this run can be found in: C:\Users\client\Desktop\AWS-Project\UsersclientAppDataRoamingnpm-cache\_logs\2025-09-05T14_01_44_579Z-debug-0.log
