0 verbose cli C:\Program Files\nodejs\node.exe C:\Users\client\AppData\Roaming\npm\node_modules\npm\bin\npm-cli.js
1 info using npm@10.9.1
2 info using node@v20.17.0
3 silly config load:file:C:\Users\client\AppData\Roaming\npm\node_modules\npm\npmrc
4 silly config load:file:C:\Users\client\Desktop\AWS-Project\.npmrc
5 silly config load:file:C:\Users\client\.npmrc
6 silly config load:file:C:\Users\client\AppData\Roaming\npm\etc\npmrc
7 verbose title npm install
8 verbose argv "install"
9 verbose logfile logs-max:10 dir:C:\Users\client\Desktop\AWS-Project\UsersclientAppDataRoamingnpm-cache\_logs\2025-09-10T09_25_36_768Z-
10 verbose logfile C:\Users\client\Desktop\AWS-Project\UsersclientAppDataRoamingnpm-cache\_logs\2025-09-10T09_25_36_768Z-debug-0.log
11 silly logfile done cleaning log files
12 silly packumentCache heap:2197815296 maxSize:549453824 maxEntrySize:274726912
13 silly idealTree buildDeps
14 silly reify moves {}
15 silly audit bulk request {
15 silly audit   react: [ '19.1.1' ],
15 silly audit   'react-dom': [ '19.1.1' ],
15 silly audit   scheduler: [ '0.26.0' ]
15 silly audit }
16 http fetch POST 200 https://registry.npmjs.org/-/npm/v1/security/advisories/bulk 450ms
17 silly audit report {}
18 verbose cwd C:\Users\client\Desktop\AWS-Project
19 verbose os Windows_NT 10.0.26100
20 verbose node v20.17.0
21 verbose npm  v10.9.1
22 verbose exit 0
23 info ok
